# This file was automatically created by FeynRules 2.3.49
# Mathematica version: 13.1.0 for Linux x86 (64-bit) (June 16, 2022)
# Date: Mon 17 Mar 2025 11:52:36


# 
# This is the logfile for the model Vector Singlets (Bridge model)

# Authors: M. J. Baker[a], T. Martonhelyi[a], A. Thamm[a], R. Torre[b]
# Model version: 1.0
# Checking the Quantum numbers
   * Electric charge defined.
# Checking the Lagrangians
   * All Lagrangians are ok.
#
# Particle definitions
#

   * No particles removed. All particles correspond to GenInt setup.

# Automatically assigned PDG numbers
   * Assigned PDG number 9000001 to particle Vz
   * Assigned PDG number 9000002 to particle Vc+
   * Assigned PDG number 9000003 to particle ghG


# Compulsory PDG codes:
   * Class SM leptons complete.
   * Class SM neutrinos complete.
   * Class SM quarks complete.
   * Class SM gauge bosons complete.
#
# Parameter definitions
#

   * All parameters are ok.


# Vertices
   * Calling FeynmanRules for 1 Lagrangians.
   * Number of classes vertices: 139
   * Number of flavored vertices: 139
   * Saved vertices in InterfaceRun[ 1 ].
   * Checked QNumber conservation.
      - Quantum number GhostNumber conserved in all vertices.
      - Quantum number LeptonNumber conserved in all vertices.
      - Quantum number Q conserved in all vertices.
   * particles.py written.
   * parameters.py written.
#
# Vertex definitions
#

   * 139 vertices written.
   * vertices.py written.
#
# Lorentz structure definitions
#

   * 25 lorentz structures written.
   * lorentz.py written.
#
# Coupling definitions
#

   * 157 couplings written.
   * couplings.py written.
#
# Coupling order definitions
#

   * 0 couplings orders written.
   * coupling_orders.py written.
#
# Decay definitions
#

   * 9 decays written.
   * decay.py not written
#
# CTCoupling definitions
#

   * 0 CTcouplings written.
   * CT_couplings.py written.
